Thu Jul 21 13:38:36 UTC 2022  [debug] AvalonLogChute initialized using file 'velocity.log'
Thu Jul 21 13:38:36 UTC 2022  [trace] *******************************************************************
Thu Jul 21 13:38:36 UTC 2022  [debug] Starting Apache Velocity v1.5 (compiled: 2007-02-22 08:52:29)
Thu Jul 21 13:38:36 UTC 2022  [trace] RuntimeInstance initializing.
Thu Jul 21 13:38:36 UTC 2022  [debug] Default Properties File: org/apache/velocity/runtime/defaults/velocity.properties
Thu Jul 21 13:38:36 UTC 2022  [debug] Trying to use logger class org.apache.velocity.runtime.log.AvalonLogChute
Thu Jul 21 13:38:36 UTC 2022  [debug] Using logger class org.apache.velocity.runtime.log.AvalonLogChute
Thu Jul 21 13:38:36 UTC 2022  [debug] Default ResourceManager initializing. (class org.apache.velocity.runtime.resource.ResourceManagerImpl)
Thu Jul 21 13:38:36 UTC 2022  [trace] FileResourceLoader : initialization starting.
Thu Jul 21 13:38:36 UTC 2022  [debug] Do unicode file recognition:  false
Thu Jul 21 13:38:36 UTC 2022   [info] FileResourceLoader : adding path '/opt/electronics/src/main/torque/templates'
Thu Jul 21 13:38:36 UTC 2022  [trace] FileResourceLoader : initialization complete.
Thu Jul 21 13:38:36 UTC 2022  [trace] ClasspathResourceLoader : initialization complete.
Thu Jul 21 13:38:36 UTC 2022  [debug] ResourceCache: initialized (class org.apache.velocity.runtime.resource.ResourceCacheImpl)
Thu Jul 21 13:38:36 UTC 2022  [trace] Default ResourceManager initialization complete.
Thu Jul 21 13:38:36 UTC 2022  [debug] Loaded System Directive: org.apache.velocity.runtime.directive.Literal
Thu Jul 21 13:38:36 UTC 2022  [debug] Loaded System Directive: org.apache.velocity.runtime.directive.Macro
Thu Jul 21 13:38:36 UTC 2022  [debug] Loaded System Directive: org.apache.velocity.runtime.directive.Parse
Thu Jul 21 13:38:36 UTC 2022  [debug] Loaded System Directive: org.apache.velocity.runtime.directive.Include
Thu Jul 21 13:38:36 UTC 2022  [debug] Loaded System Directive: org.apache.velocity.runtime.directive.Foreach
Thu Jul 21 13:38:36 UTC 2022  [debug] Created '20' parsers.
Thu Jul 21 13:38:36 UTC 2022  [trace] Velocimacro : initialization starting.
Thu Jul 21 13:38:36 UTC 2022  [debug] Velocimacro : "velocimacro.library" is not set.  Trying default library: VM_global_library.vm
Thu Jul 21 13:38:36 UTC 2022  [debug] Velocimacro : Default library not found.
Thu Jul 21 13:38:36 UTC 2022  [debug] Velocimacro : allowInline = true : VMs can be defined inline in templates
Thu Jul 21 13:38:36 UTC 2022  [debug] Velocimacro : allowInlineToOverride = false : VMs defined inline may NOT replace previous VM definitions
Thu Jul 21 13:38:36 UTC 2022  [debug] Velocimacro : allowInlineLocal = false : VMs defined inline will be global in scope if allowed.
Thu Jul 21 13:38:36 UTC 2022  [debug] Velocimacro : autoload off : VM system will not automatically reload global library macros
Thu Jul 21 13:38:36 UTC 2022  [trace] Velocimacro : Velocimacro : initialization complete.
Thu Jul 21 13:38:36 UTC 2022  [trace] RuntimeInstance successfully initialized.
Thu Jul 21 13:38:36 UTC 2022  [debug] ResourceManager : found sql/load/Control.vm with loader org.apache.velocity.runtime.resource.ResourceCacheImpl
